astree.o:
     $Id: auxlib.h,v 1.2 2013-10-11 18:53:00-07 - - $
     $Id: astree.h,v 1.4 2015-04-09 19:31:47-07 - - $
     $Id: lyutils.h,v 1.3 2015-04-09 17:45:26-07 - - $
     $Id: astree.cpp,v 1.6 2015-04-09 19:31:47-07 - - $
     $Compiled: astree.cpp Nov  2 2015 23:09:14 $

lyutils.o:
     $Id: auxlib.h,v 1.2 2013-10-11 18:53:00-07 - - $
     $Id: astree.h,v 1.4 2015-04-09 19:31:47-07 - - $
     $Id: lyutils.h,v 1.3 2015-04-09 17:45:26-07 - - $
     $Id: lyutils.cpp,v 1.5 2015-04-09 19:34:17-07 - - $
     $Compiled: lyutils.cpp Nov  2 2015 23:09:15 $

auxlib.o:
     $Id: auxlib.h,v 1.2 2013-10-11 18:53:00-07 - - $
     $Id: auxlib.cpp,v 1.1 2014-10-03 18:22:05-07 - - $
     $Compiled: auxlib.cpp Nov  2 2015 23:09:15 $

stringset.o:

main.o:
     $Id: auxlib.h,v 1.2 2013-10-11 18:53:00-07 - - $
     $Id: astree.h,v 1.4 2015-04-09 19:31:47-07 - - $
     $Id: lyutils.h,v 1.3 2015-04-09 17:45:26-07 - - $

yylex.o:
     $Id: auxlib.h,v 1.2 2013-10-11 18:53:00-07 - - $
     $Id: astree.h,v 1.4 2015-04-09 19:31:47-07 - - $
     $Id: lyutils.h,v 1.3 2015-04-09 17:45:26-07 - - $
     $Id: scanner.l,v 1.1 2015/04/22 06:59:27 - Exp - $
     $Compiled: scanner.l Nov  2 2015 23:09:16 $

yyparse.o:
     $Id: auxlib.h,v 1.2 2013-10-11 18:53:00-07 - - $
     $Id: astree.h,v 1.4 2015-04-09 19:31:47-07 - - $
     $Id: lyutils.h,v 1.3 2015-04-09 17:45:26-07 - - $

oc:
     $Id: auxlib.h,v 1.2 2013-10-11 18:53:00-07 - - $
     $Id: astree.h,v 1.4 2015-04-09 19:31:47-07 - - $
     $Id: lyutils.h,v 1.3 2015-04-09 17:45:26-07 - - $
     $Id: astree.cpp,v 1.6 2015-04-09 19:31:47-07 - - $
     $Compiled: astree.cpp Nov  2 2015 23:09:14 $
     $Id: auxlib.h,v 1.2 2013-10-11 18:53:00-07 - - $
     $Id: astree.h,v 1.4 2015-04-09 19:31:47-07 - - $
     $Id: lyutils.h,v 1.3 2015-04-09 17:45:26-07 - - $
     $Id: lyutils.cpp,v 1.5 2015-04-09 19:34:17-07 - - $
     $Compiled: lyutils.cpp Nov  2 2015 23:09:15 $
     $Id: auxlib.h,v 1.2 2013-10-11 18:53:00-07 - - $
     $Id: auxlib.cpp,v 1.1 2014-10-03 18:22:05-07 - - $
     $Compiled: auxlib.cpp Nov  2 2015 23:09:15 $
     $Id: auxlib.h,v 1.2 2013-10-11 18:53:00-07 - - $
     $Id: astree.h,v 1.4 2015-04-09 19:31:47-07 - - $
     $Id: lyutils.h,v 1.3 2015-04-09 17:45:26-07 - - $
     $Id: auxlib.h,v 1.2 2013-10-11 18:53:00-07 - - $
     $Id: astree.h,v 1.4 2015-04-09 19:31:47-07 - - $
     $Id: lyutils.h,v 1.3 2015-04-09 17:45:26-07 - - $
     $Id: scanner.l,v 1.1 2015/04/22 06:59:27 - Exp - $
     $Compiled: scanner.l Nov  2 2015 23:09:16 $
     $Id: auxlib.h,v 1.2 2013-10-11 18:53:00-07 - - $
     $Id: astree.h,v 1.4 2015-04-09 19:31:47-07 - - $
     $Id: lyutils.h,v 1.3 2015-04-09 17:45:26-07 - - $
